<?xml version="1.0" encoding="UTF-8"?>
<testsuite xmlns:xsi="http://www.w3.org/2001/XMLSchema-instance" xsi:noNamespaceSchemaLocation="https://maven.apache.org/surefire/maven-surefire-plugin/xsd/surefire-test-report-3.0.xsd" version="3.0" name="com.vweinert.fedditbackend.controllers.AuthControllerTest" time="1.053" tests="4" errors="0" skipped="0" failures="0">
  <properties>
[...]
</properties>
  <testcase name="testDuplicateUsernameSignup" classname="com.vweinert.fedditbackend.controllers.AuthControllerTest" time="0.511">
    <system-out><![CDATA[2023-11-10T06:11:26.383-06:00  INFO 17273 --- [           main] t.c.s.AnnotationConfigContextLoaderUtils : Could not detect default configuration classes for test class [com.vweinert.fedditbackend.controllers.AuthControllerTest]: AuthControllerTest does not declare any static, non-private, non-final, nested classes annotated with @Configuration.
2023-11-10T06:11:26.391-06:00  INFO 17273 --- [           main] .b.t.c.SpringBootTestContextBootstrapper : Found @SpringBootConfiguration com.vweinert.fedditbackend.FedditBackendApplication for test class com.vweinert.fedditbackend.controllers.AuthControllerTest
2023-11-10T06:11:26.840-06:00  INFO 17273 --- [           main] c.v.f.service.impl.UserServiceImpl       : registering username username2, email emailyss@gmail.com
2023-11-10T06:11:26.906-06:00  INFO 17273 --- [           main] c.v.f.service.impl.UserServiceImpl       : someone tried to create user on username that already exists
]]></system-out>
  </testcase>
  <testcase name="testDuplicateEmailSignup" classname="com.vweinert.fedditbackend.controllers.AuthControllerTest" time="0.169">
    <system-out><![CDATA[2023-11-10T06:11:27.072-06:00  INFO 17273 --- [           main] c.v.f.service.impl.UserServiceImpl       : registering username username3, email emailysss@gmail.com
2023-11-10T06:11:27.076-06:00  INFO 17273 --- [           main] c.v.f.service.impl.UserServiceImpl       : someone tried to create user on email that already exists
]]></system-out>
  </testcase>
  <testcase name="testNewUserSignIn" classname="com.vweinert.fedditbackend.controllers.AuthControllerTest" time="0.214">
    <system-out><![CDATA[2023-11-10T06:11:27.214-06:00  INFO 17273 --- [           main] c.v.f.service.impl.UserServiceImpl       : registering username username1, email emailys@gmail.com
2023-11-10T06:11:27.291-06:00  INFO 17273 --- [           main] c.v.f.service.impl.UserServiceImpl       : signing in  user username1
]]></system-out>
  </testcase>
  <testcase name="testNewUserSignup" classname="com.vweinert.fedditbackend.controllers.AuthControllerTest" time="0.137">
    <system-out><![CDATA[2023-11-10T06:11:27.429-06:00  INFO 17273 --- [           main] c.v.f.service.impl.UserServiceImpl       : registering username username, email emaily@gmail.com
]]></system-out>
  </testcase>
</testsuite>